Der Buildvorgang wurde am 08.01.2017 21:00:11 gestartet.
     1>Projekt "C:\Projekte\RemoteRepros\RemoteView\RemoteView\RemoteView.vcxproj" auf Knoten "2", Build Ziel(e).
     1>C:\Program Files (x86)\MSBuild\Microsoft.Cpp\v4.0\V120\Microsoft.CppCommon.targets(170,5): warning MSB8017: A circular dependency has been detected while executing custom build commands for item "GeneratedFiles\Debug\main.moc". This may cause incremental build to work incorrectly.
         Moc'ing test.h...
         Moc'ing main.cpp...
         main.cpp(0): Note: No relevant classes found. No output generated.
     1>ClCompile:
         C:\Program Files (x86)\VC\bin\x86_amd64\CL.exe /c /I. /IC:\tool\RemotePkg\Qt\Qt5.7.0\5.7\msvc2013_64\include /IC:\tool\RemotePkg\Qt\Qt5.7.0\5.7\msvc2013_64\include\QtQuick /IC:\tool\RemotePkg\Qt\Qt5.7.0\5.7\msvc2013_64\include\QtGui /IC:\tool\RemotePkg\Qt\Qt5.7.0\5.7\msvc2013_64\include\QtANGLE /IC:\tool\RemotePkg\Qt\Qt5.7.0\5.7\msvc2013_64\include\QtQml /IC:\tool\RemotePkg\Qt\Qt5.7.0\5.7\msvc2013_64\include\QtNetwork /IC:\tool\RemotePkg\Qt\Qt5.7.0\5.7\msvc2013_64\include\QtCore /Idebug /I"C:\tool\RemotePkg\Qt\Qt5.7.0\5.7\msvc2013_64\mkspecs\win32-msvc2013" /I..\..\RemoteUtil\RemoteDataConnectLibrary\Include /I..\..\RemoteUtil\thirdparty /Zi /nologo /W3 /WX- /Od /D _WINDOWS /D UNICODE /D WIN32 /D WIN64 /D QT_QUICK_LIB /D QT_GUI_LIB /D QT_QML_LIB /D QT_NETWORK_LIB /D QT_CORE_LIB /Gm- /EHsc /MDd /GS /fp:precise /Zc:wchar_t /Zc:forScope /GR /Fo"x64\Debug\\" /Fd"x64\Debug\vc120.pdb" /Gd /TP /errorReport:prompt -w34100 -w34189 -w44996 GeneratedFiles\Debug\moc_test.cpp main.cpp
         moc_test.cpp
     1>c:\projekte\remoterepros\remoteview\remoteview\generatedfiles\debug\../../test.h(4): error C2504: 'QObject': Basisklasse undefiniert
     1>c:\projekte\remoterepros\remoteview\remoteview\generatedfiles\debug\../../test.h(6): error C2146: Syntaxfehler: Fehlendes ';' vor Bezeichner 'Q_PROPERTY'
     1>c:\projekte\remoterepros\remoteview\remoteview\generatedfiles\debug\../../test.h(6): error C4430: Fehlender Typspezifizierer - int wird angenommen. Hinweis: "default-int" wird von C++ nicht unterstützt.
     1>c:\projekte\remoterepros\remoteview\remoteview\generatedfiles\debug\../../test.h(6): error C2061: Syntaxfehler: Bezeichner 'QString'
     1>c:\projekte\remoterepros\remoteview\remoteview\generatedfiles\debug\../../test.h(7): error C2143: Syntaxfehler: Es fehlt ';' vor 'public'
     1>c:\projekte\remoterepros\remoteview\remoteview\generatedfiles\debug\../../test.h(7): error C4430: Fehlender Typspezifizierer - int wird angenommen. Hinweis: "default-int" wird von C++ nicht unterstützt.
     1>c:\projekte\remoterepros\remoteview\remoteview\generatedfiles\debug\../../test.h(7): warning C4183: 'Q_PROPERTY': Rückgabetyp fehlt; Memberfunktion, die 'int' zurückgibt wird angenommen
     1>c:\projekte\remoterepros\remoteview\remoteview\generatedfiles\debug\../../test.h(8): error C4430: Fehlender Typspezifizierer - int wird angenommen. Hinweis: "default-int" wird von C++ nicht unterstützt.
     1>c:\projekte\remoterepros\remoteview\remoteview\generatedfiles\debug\../../test.h(8): error C2143: Syntaxfehler: Es fehlt ',' vor '&'
     1>c:\projekte\remoterepros\remoteview\remoteview\generatedfiles\debug\../../test.h(14): error C2146: Syntaxfehler: Fehlendes ';' vor Bezeichner 'author'
     1>c:\projekte\remoterepros\remoteview\remoteview\generatedfiles\debug\../../test.h(14): error C4430: Fehlender Typspezifizierer - int wird angenommen. Hinweis: "default-int" wird von C++ nicht unterstützt.
     1>c:\projekte\remoterepros\remoteview\remoteview\generatedfiles\debug\../../test.h(16): warning C4183: 'author': Rückgabetyp fehlt; Memberfunktion, die 'int' zurückgibt wird angenommen
     1>c:\projekte\remoterepros\remoteview\remoteview\generatedfiles\debug\../../test.h(18): error C2146: Syntaxfehler: Fehlendes ';' vor Bezeichner 'm_author'
     1>c:\projekte\remoterepros\remoteview\remoteview\generatedfiles\debug\../../test.h(18): error C4430: Fehlender Typspezifizierer - int wird angenommen. Hinweis: "default-int" wird von C++ nicht unterstützt.
     1>c:\projekte\remoterepros\remoteview\remoteview\generatedfiles\debug\../../test.h(19): error C2143: Syntaxfehler: Es fehlt ';' vor ':'
     1>c:\projekte\remoterepros\remoteview\remoteview\generatedfiles\debug\../../test.h(19): error C4430: Fehlender Typspezifizierer - int wird angenommen. Hinweis: "default-int" wird von C++ nicht unterstützt.
     1>c:\projekte\remoterepros\remoteview\remoteview\generatedfiles\debug\../../test.h(19): error C2334: Unerwartete(s) Token vor ':'; sichtbarer Funktionstext wird übersprungen
     1>C:\Program Files (x86)\VC\include\sal.h(2381): error C2059: Syntaxfehler: 'Zeichenfolge'
     1>C:\Program Files (x86)\VC\include\sal.h(2381): error C2334: Unerwartete(s) Token vor '{'; sichtbarer Funktionstext wird übersprungen
     1>C:\Program Files (x86)\VC\include\ConcurrencySal.h(22): error C2059: Syntaxfehler: 'Zeichenfolge'
     1>C:\Program Files (x86)\VC\include\ConcurrencySal.h(22): error C2334: Unerwartete(s) Token vor '{'; sichtbarer Funktionstext wird übersprungen
     1>C:\Program Files (x86)\VC\include\vadefs.h(31): error C2059: Syntaxfehler: 'Zeichenfolge'
     1>C:\Program Files (x86)\VC\include\vadefs.h(31): error C2334: Unerwartete(s) Token vor '{'; sichtbarer Funktionstext wird übersprungen
     1>C:\Program Files (x86)\VC\include\crtdefs.h(77): error C2059: Syntaxfehler: 'Zeichenfolge'
     1>C:\Program Files (x86)\VC\include\crtdefs.h(77): error C2334: Unerwartete(s) Token vor '{'; sichtbarer Funktionstext wird übersprungen
     1>C:\Program Files (x86)\VC\include\yvals.h(205): warning C4384: #pragma "detect_mismatch" sollte nur im globalen Gültigkeitsbereich verwendet werden.
     1>C:\Program Files (x86)\VC\include\yvals.h(209): warning C4384: #pragma "detect_mismatch" sollte nur im globalen Gültigkeitsbereich verwendet werden.
     1>C:\Program Files (x86)\VC\include\yvals.h(220): warning C4384: #pragma "detect_mismatch" sollte nur im globalen Gültigkeitsbereich verwendet werden.
     1>C:\Program Files (x86)\VC\include\yvals.h(568): error C2059: Syntaxfehler: 'namespace'
     1>C:\Program Files (x86)\VC\include\yvals.h(568): error C2334: Unerwartete(s) Token vor '{'; sichtbarer Funktionstext wird übersprungen
     1>C:\Program Files (x86)\VC\include\yvals.h(619): error C2059: Syntaxfehler: 'namespace'
     1>C:\Program Files (x86)\VC\include\yvals.h(619): error C2334: Unerwartete(s) Token vor '{'; sichtbarer Funktionstext wird übersprungen
     1>C:\Program Files (x86)\VC\include\stddef.h(23): error C2059: Syntaxfehler: 'Zeichenfolge'
     1>C:\Program Files (x86)\VC\include\stddef.h(23): error C2334: Unerwartete(s) Token vor '{'; sichtbarer Funktionstext wird übersprungen
     1>C:\Program Files (x86)\VC\include\cstddef(17): error C2059: Syntaxfehler: 'namespace'
     1>C:\Program Files (x86)\VC\include\cstddef(17): error C2334: Unerwartete(s) Token vor '{'; sichtbarer Funktionstext wird übersprungen
     1>C:\Program Files (x86)\VC\include\cstddef(23): error C2059: Syntaxfehler: 'namespace'
     1>C:\Program Files (x86)\VC\include\cstddef(23): error C2334: Unerwartete(s) Token vor '{'; sichtbarer Funktionstext wird übersprungen
     1>C:\Program Files (x86)\VC\include\stdlib.h(31): error C2059: Syntaxfehler: 'Zeichenfolge'
     1>C:\Program Files (x86)\VC\include\stdlib.h(31): error C2334: Unerwartete(s) Token vor '{'; sichtbarer Funktionstext wird übersprungen
     1>C:\Program Files (x86)\VC\include\initializer_list(13): error C2059: Syntaxfehler: 'namespace'
     1>C:\Program Files (x86)\VC\include\initializer_list(13): error C2334: Unerwartete(s) Token vor '{'; sichtbarer Funktionstext wird übersprungen
     1>C:\Program Files (x86)\VC\include\xtr1common(13): error C2059: Syntaxfehler: 'namespace'
     1>C:\Program Files (x86)\VC\include\xtr1common(13): error C2334: Unerwartete(s) Token vor '{'; sichtbarer Funktionstext wird übersprungen
     1>C:\Program Files (x86)\VC\include\xstddef(23): error C2059: Syntaxfehler: 'namespace'
     1>C:\Program Files (x86)\VC\include\xstddef(23): error C2334: Unerwartete(s) Token vor '{'; sichtbarer Funktionstext wird übersprungen
     1>C:\Program Files (x86)\VC\include\xstddef(277): error C2059: Syntaxfehler: 'namespace'
     1>C:\Program Files (x86)\VC\include\xstddef(277): error C2334: Unerwartete(s) Token vor '{'; sichtbarer Funktionstext wird übersprungen
     1>C:\Program Files (x86)\VC\include\xstddef(474): error C2059: Syntaxfehler: 'namespace'
     1>C:\Program Files (x86)\VC\include\xstddef(474): error C2334: Unerwartete(s) Token vor '{'; sichtbarer Funktionstext wird übersprungen
     1>C:\Program Files (x86)\VC\include\stdio.h(29): error C2059: Syntaxfehler: 'Zeichenfolge'
     1>C:\Program Files (x86)\VC\include\stdio.h(29): error C2334: Unerwartete(s) Token vor '{'; sichtbarer Funktionstext wird übersprungen
     1>C:\Program Files (x86)\VC\include\cstdio(32): error C2146: Syntaxfehler: Fehlendes ';' vor Bezeichner '_iobuf'
     1>C:\Program Files (x86)\VC\include\cstdio(32): error C4430: Fehlender Typspezifizierer - int wird angenommen. Hinweis: "default-int" wird von C++ nicht unterstützt.
     1>C:\Program Files (x86)\VC\include\cstdio(35): error C2059: Syntaxfehler: 'namespace'
     1>C:\Program Files (x86)\VC\include\cstdio(35): error C2334: Unerwartete(s) Token vor '{'; sichtbarer Funktionstext wird übersprungen
     1>C:\Program Files (x86)\VC\include\string.h(23): error C2059: Syntaxfehler: 'Zeichenfolge'
     1>C:\Program Files (x86)\VC\include\string.h(23): error C2334: Unerwartete(s) Token vor '{'; sichtbarer Funktionstext wird übersprungen
     1>C:\Program Files (x86)\VC\include\cstring(17): error C2059: Syntaxfehler: 'namespace'
     1>C:\Program Files (x86)\VC\include\cstring(17): error C2334: Unerwartete(s) Token vor '{'; sichtbarer Funktionstext wird übersprungen
     1>C:\Program Files (x86)\VC\include\wchar.h(28): error C2059: Syntaxfehler: 'Zeichenfolge'
     1>C:\Program Files (x86)\VC\include\wchar.h(28): error C2334: Unerwartete(s) Token vor '{'; sichtbarer Funktionstext wird übersprungen
     1>C:\Program Files (x86)\VC\include\cwchar(16): error C2146: Syntaxfehler: Fehlendes ';' vor Bezeichner '_Mbstatet'
     1>C:\Program Files (x86)\VC\include\cwchar(16): error C4430: Fehlender Typspezifizierer - int wird angenommen. Hinweis: "default-int" wird von C++ nicht unterstützt.
     1>C:\Program Files (x86)\VC\include\cwchar(16): error C2602: 'Message::_Mbstatet' ist kein Element einer Basisklasse von 'Message'
                 C:\Program Files (x86)\VC\include\yvals.h(819): Siehe Deklaration von 'Message::_Mbstatet'
                 c:\projekte\remoterepros\remoteview\remoteview\generatedfiles\debug\../../test.h(3): Siehe Deklaration von 'Message'
     1>C:\Program Files (x86)\VC\include\cwchar(16): error C2868: 'Message::_Mbstatet': Unzulässige Syntax für using-Deklaration; vollständiger Name erwartet
     1>C:\Program Files (x86)\VC\include\cwchar(19): error C2059: Syntaxfehler: 'namespace'
     1>C:\Program Files (x86)\VC\include\cwchar(19): error C2334: Unerwartete(s) Token vor '{'; sichtbarer Funktionstext wird übersprungen
     1>C:\Program Files (x86)\VC\include\crtdbg.h(35): error C2059: Syntaxfehler: 'Zeichenfolge'
     1>C:\Program Files (x86)\VC\include\crtdbg.h(35): error C2334: Unerwartete(s) Token vor '{'; sichtbarer Funktionstext wird übersprungen
     1>C:\Program Files (x86)\VC\include\crtdbg.h(1022): error C2059: Syntaxfehler: 'Zeichenfolge'
     1>C:\Program Files (x86)\VC\include\crtdbg.h(1022): error C2334: Unerwartete(s) Token vor '{'; sichtbarer Funktionstext wird übersprungen
     1>C:\Program Files (x86)\VC\include\iosfwd(18): error C2059: Syntaxfehler: 'namespace'
     1>C:\Program Files (x86)\VC\include\iosfwd(18): error C2334: Unerwartete(s) Token vor '{'; sichtbarer Funktionstext wird übersprungen
     1>C:\Program Files (x86)\VC\include\type_traits(66): error C2059: Syntaxfehler: 'namespace'
     1>C:\Program Files (x86)\VC\include\type_traits(66): error C2334: Unerwartete(s) Token vor '{'; sichtbarer Funktionstext wird übersprungen
     1>C:\Program Files (x86)\VC\include\xrefwrap(16): error C2059: Syntaxfehler: 'namespace'
     1>C:\Program Files (x86)\VC\include\xrefwrap(16): error C2334: Unerwartete(s) Token vor '{'; sichtbarer Funktionstext wird übersprungen
     1>C:\Program Files (x86)\VC\include\type_traits(1551): error C2059: Syntaxfehler: 'namespace'
     1>C:\Program Files (x86)\VC\include\type_traits(1551): error C2334: Unerwartete(s) Token vor '{'; sichtbarer Funktionstext wird übersprungen
     1>C:\Program Files (x86)\VC\include\utility(17): error C2059: Syntaxfehler: 'namespace'
     1>C:\Program Files (x86)\VC\include\utility(17): error C2334: Unerwartete(s) Token vor '{'; sichtbarer Funktionstext wird übersprungen
     1>C:\Program Files (x86)\VC\include\utility(304): error C2059: Syntaxfehler: 'namespace'
     1>C:\Program Files (x86)\VC\include\utility(304): error C2334: Unerwartete(s) Token vor '{'; sichtbarer Funktionstext wird übersprungen
     1>C:\Program Files (x86)\VC\include\utility(447): error C2059: Syntaxfehler: 'namespace'
     1>C:\Program Files (x86)\VC\include\utility(447): error C2334: Unerwartete(s) Token vor '{'; sichtbarer Funktionstext wird übersprungen
     1>C:\Program Files (x86)\VC\include\cstdlib(17): error C2059: Syntaxfehler: 'namespace'
     1>C:\Program Files (x86)\VC\include\cstdlib(17): error C2334: Unerwartete(s) Token vor '{'; sichtbarer Funktionstext wird übersprungen
     1>C:\Program Files (x86)\VC\include\ymath.h(16): error C2059: Syntaxfehler: 'Zeichenfolge'
     1>C:\Program Files (x86)\VC\include\ymath.h(16): error C2334: Unerwartete(s) Token vor '{'; sichtbarer Funktionstext wird übersprungen
     1>C:\Program Files (x86)\VC\include\float.h(38): error C2059: Syntaxfehler: 'Zeichenfolge'
     1>C:\Program Files (x86)\VC\include\float.h(38): error C2334: Unerwartete(s) Token vor '{'; sichtbarer Funktionstext wird übersprungen
     1>C:\Program Files (x86)\VC\include\math.h(27): error C2059: Syntaxfehler: 'Zeichenfolge'
     1>C:\Program Files (x86)\VC\include\math.h(27): error C2334: Unerwartete(s) Token vor '{'; sichtbarer Funktionstext wird übersprungen
     1>C:\Program Files (x86)\VC\include\math.h(1010): error C2059: Syntaxfehler: 'Zeichenfolge'
     1>C:\Program Files (x86)\VC\include\math.h(1010): error C2334: Unerwartete(s) Token vor '{'; sichtbarer Funktionstext wird übersprungen
     1>C:\Program Files (x86)\VC\include\xtgmath.h(15): error C2059: Syntaxfehler: 'namespace'
     1>C:\Program Files (x86)\VC\include\xtgmath.h(15): error C2334: Unerwartete(s) Token vor '{'; sichtbarer Funktionstext wird übersprungen
     1>C:\Program Files (x86)\VC\include\xtgmath.h(75): error C2059: Syntaxfehler: 'Zeichenfolge'
     1>C:\Program Files (x86)\VC\include\xtgmath.h(75): error C2238: Unerwartete(s) Token vor ';'
     1>C:\Program Files (x86)\VC\include\xtgmath.h(81): error C2039: 'enable_if': Ist kein Element von 'std'
     1>C:\Program Files (x86)\VC\include\xtgmath.h(81): error C2143: Syntaxfehler: Es fehlt ';' vor '<'
     1>C:\Program Files (x86)\VC\include\xtgmath.h(81): error C2433: 'enable_if': 'inline' bei der Deklaration von Daten nicht zulässig
     1>C:\Program Files (x86)\VC\include\xtgmath.h(81): error C4430: Fehlender Typspezifizierer - int wird angenommen. Hinweis: "default-int" wird von C++ nicht unterstützt.
     1>C:\Program Files (x86)\VC\include\xtgmath.h(81): error C2238: Unerwartete(s) Token vor ';'
     1>C:\Program Files (x86)\VC\include\xtgmath.h(81): error C2988: Unerkannte Vorlagendeklaration/-definition
     1>C:\Program Files (x86)\VC\include\xtgmath.h(81): error C2059: Syntaxfehler: '<'
     1>C:\Program Files (x86)\VC\include\xtgmath.h(81): error C2039: '_Is_numeric': Ist kein Element von 'std'
     1>C:\Program Files (x86)\VC\include\xtgmath.h(81): error C2039: 'value': Ist kein Element von '`global namespace''
     1>C:\Program Files (x86)\VC\include\xtgmath.h(82): error C2039: '_Is_numeric': Ist kein Element von 'std'
     1>C:\Program Files (x86)\VC\include\xtgmath.h(82): error C2039: 'value': Ist kein Element von '`global namespace''
     1>C:\Program Files (x86)\VC\include\xtgmath.h(83): error C2039: '_Common_float_type': Ist kein Element von 'std'
     1>C:\Program Files (x86)\VC\include\xtgmath.h(83): error C2039: 'type': Ist kein Element von '`global namespace''
     1>C:\Program Files (x86)\VC\include\xtgmath.h(91): error C2238: Unerwartete(s) Token vor ';'
     1>C:\Program Files (x86)\VC\include\xtgmath.h(91): error C2039: 'enable_if': Ist kein Element von 'std'
     1>C:\Program Files (x86)\VC\include\xtgmath.h(91): fatal error C1003: Mehr als 100 Fehler gefunden; Kompilierung wird abgebrochen.
         main.cpp
         Code wird generiert...
     1>Die Erstellung des Projekts "C:\Projekte\RemoteRepros\RemoteView\RemoteView\RemoteView.vcxproj" ist abgeschlossen, Build Ziel(e) -- FEHLER.

Fehler beim Buildvorgang.

Verstrichene Zeit 00:00:02.76
